[TRACE] 2023-12-27 01:18:59.010 [main] Log4jDemo - This is a trace message
[INFO ] 2023-12-27 01:18:59.013 [main] Log4jDemo - This is information message
[ERROR] 2023-12-27 01:18:59.013 [main] Log4jDemo - This is an error message
[WARN ] 2023-12-27 01:18:59.015 [main] Log4jDemo - THis is a warning message
[FATAL] 2023-12-27 01:18:59.015 [main] Log4jDemo - This is a fatal message
[DEBUG] 2023-12-27 16:59:24.901 [main] PackageRelationshipCollection - Parsing relationship: /xl/_rels/workbook.xml.rels
[DEBUG] 2023-12-27 16:59:24.909 [main] PackageRelationshipCollection - Parsing relationship: /_rels/.rels
[TRACE] 2023-12-27 16:59:25.027 [main] XBeanDebug - Loading type system org.apache.poi.schemas.ooxml.system.ooxml
[TRACE] 2023-12-27 16:59:25.030 [main] XBeanDebug - Loading type system org.apache.xmlbeans.metadata.system.sXMLCONFIG
[TRACE] 2023-12-27 16:59:25.030 [main] XBeanDebug - Loading type system org.apache.xmlbeans.metadata.system.sXMLLANG
[TRACE] 2023-12-27 16:59:25.031 [main] XBeanDebug - Loading type system org.apache.xmlbeans.metadata.system.sXMLSCHEMA
[TRACE] 2023-12-27 16:59:25.031 [main] XBeanDebug - Loading type system org.apache.xmlbeans.metadata.system.sXMLTOOLS
[TRACE] 2023-12-27 16:59:25.032 [main] XBeanDebug - Reading unresolved handles for type system org.apache.xmlbeans.metadata.system.sXMLTOOLS
[TRACE] 2023-12-27 16:59:25.041 [main] XBeanDebug - Finished loading type system org.apache.xmlbeans.metadata.system.sXMLTOOLS
[TRACE] 2023-12-27 16:59:25.041 [main] XBeanDebug - Reading unresolved handles for type system org.apache.xmlbeans.metadata.system.sXMLSCHEMA
[TRACE] 2023-12-27 16:59:25.044 [main] XBeanDebug - Finished loading type system org.apache.xmlbeans.metadata.system.sXMLSCHEMA
[TRACE] 2023-12-27 16:59:25.045 [main] XBeanDebug - Reading unresolved handles for type system org.apache.xmlbeans.metadata.system.sXMLLANG
[TRACE] 2023-12-27 16:59:25.046 [main] XBeanDebug - Finished loading type system org.apache.xmlbeans.metadata.system.sXMLLANG
[TRACE] 2023-12-27 16:59:25.046 [main] XBeanDebug - Reading unresolved handles for type system org.apache.xmlbeans.metadata.system.sXMLCONFIG
[TRACE] 2023-12-27 16:59:25.047 [main] XBeanDebug - Finished loading type system org.apache.xmlbeans.metadata.system.sXMLCONFIG
[TRACE] 2023-12-27 16:59:25.047 [main] XBeanDebug - Reading unresolved handles for type system org.apache.poi.schemas.ooxml.system.ooxml
[TRACE] 2023-12-27 16:59:25.090 [main] XBeanDebug - Finished loading type system org.apache.poi.schemas.ooxml.system.ooxml
[TRACE] 2023-12-27 16:59:25.091 [main] XBeanDebug - Resolving type for handle themefd26doctype
[TRACE] 2023-12-27 16:59:25.123 [main] XBeanDebug - Resolving type for handle stylesheet5d8bdoctype
[TRACE] 2023-12-27 16:59:25.126 [main] XBeanDebug - Resolving type for handle ctstylesheet4257type
[TRACE] 2023-12-27 16:59:25.128 [main] XBeanDebug - Resolving type for handle ctfonts6623type
[TRACE] 2023-12-27 16:59:25.130 [main] XBeanDebug - Resolving type for handle ctfont14d8type
[TRACE] 2023-12-27 16:59:25.133 [main] XBeanDebug - Resolving type for handle ctfills2c6ftype
[TRACE] 2023-12-27 16:59:25.135 [main] XBeanDebug - Resolving type for handle ctfill550ctype
[TRACE] 2023-12-27 16:59:25.136 [main] XBeanDebug - Resolving type for handle ctborders0d66type
[TRACE] 2023-12-27 16:59:25.137 [main] XBeanDebug - Resolving type for handle ctborderf935type
[TRACE] 2023-12-27 16:59:25.139 [main] XBeanDebug - Resolving type for handle ctcellxfs1322type
[TRACE] 2023-12-27 16:59:25.141 [main] XBeanDebug - Resolving type for handle ctxf97f7type
[TRACE] 2023-12-27 16:59:25.143 [main] XBeanDebug - Resolving type for handle ctcellstylexfsa81ftype
[TRACE] 2023-12-27 16:59:25.144 [main] XBeanDebug - Resolving type for handle ctdxfsb26atype
[TRACE] 2023-12-27 16:59:25.146 [main] XBeanDebug - Resolving type for handle cttablestyles872ftype
[TRACE] 2023-12-27 16:59:25.147 [main] XBeanDebug - Resolving type for handle sstf81fdoctype
[TRACE] 2023-12-27 16:59:25.150 [main] XBeanDebug - Resolving type for handle ctsst44f3type
[TRACE] 2023-12-27 16:59:25.154 [main] XBeanDebug - Resolving type for handle ctrsta472type
[TRACE] 2023-12-27 16:59:25.163 [main] XBeanDebug - Resolving type for handle workbookec17doctype
[TRACE] 2023-12-27 16:59:25.166 [main] XBeanDebug - Resolving type for handle ctworkbook83c3type
[TRACE] 2023-12-27 16:59:25.169 [main] XBeanDebug - Resolving type for handle ctsheets49fdtype
[TRACE] 2023-12-27 16:59:25.170 [main] XBeanDebug - Resolving type for handle ctsheet4dbetype
[TRACE] 2023-12-27 16:59:25.171 [main] XBeanDebug - Resolving type for handle strelationshipid1e94type
[TRACE] 2023-12-27 16:59:25.172 [main] XBeanDebug - Resolving type for handle worksheetf539doctype
[TRACE] 2023-12-27 16:59:25.175 [main] XBeanDebug - Resolving type for handle ctworksheet530dtype
[TRACE] 2023-12-27 16:59:25.181 [main] XBeanDebug - Resolving type for handle ctcols627ctype
[TRACE] 2023-12-27 16:59:25.183 [main] XBeanDebug - Resolving type for handle ctcola95ftype
[TRACE] 2023-12-27 16:59:25.192 [main] XBeanDebug - Resolving type for handle ctsheetdata8408type
[TRACE] 2023-12-27 16:59:25.194 [main] XBeanDebug - Resolving type for handle ctrowdd39type
[TRACE] 2023-12-27 16:59:25.196 [main] XBeanDebug - Resolving type for handle ctcell842btype
[TRACE] 2023-12-27 16:59:25.200 [main] XBeanDebug - Resolving type for handle stcellrefe4e0type
[TRACE] 2023-12-27 16:59:25.203 [main] XBeanDebug - Resolving type for handle stxstringf179type
[DEBUG] 2023-12-27 17:00:12.857 [main] PackageRelationshipCollection - Parsing relationship: /xl/_rels/workbook.xml.rels
[DEBUG] 2023-12-27 17:00:12.864 [main] PackageRelationshipCollection - Parsing relationship: /_rels/.rels
[TRACE] 2023-12-27 17:00:12.982 [main] XBeanDebug - Loading type system org.apache.poi.schemas.ooxml.system.ooxml
[TRACE] 2023-12-27 17:00:12.985 [main] XBeanDebug - Loading type system org.apache.xmlbeans.metadata.system.sXMLCONFIG
[TRACE] 2023-12-27 17:00:12.985 [main] XBeanDebug - Loading type system org.apache.xmlbeans.metadata.system.sXMLLANG
[TRACE] 2023-12-27 17:00:12.986 [main] XBeanDebug - Loading type system org.apache.xmlbeans.metadata.system.sXMLSCHEMA
[TRACE] 2023-12-27 17:00:12.986 [main] XBeanDebug - Loading type system org.apache.xmlbeans.metadata.system.sXMLTOOLS
[TRACE] 2023-12-27 17:00:12.987 [main] XBeanDebug - Reading unresolved handles for type system org.apache.xmlbeans.metadata.system.sXMLTOOLS
[TRACE] 2023-12-27 17:00:12.996 [main] XBeanDebug - Finished loading type system org.apache.xmlbeans.metadata.system.sXMLTOOLS
[TRACE] 2023-12-27 17:00:12.996 [main] XBeanDebug - Reading unresolved handles for type system org.apache.xmlbeans.metadata.system.sXMLSCHEMA
[TRACE] 2023-12-27 17:00:13.000 [main] XBeanDebug - Finished loading type system org.apache.xmlbeans.metadata.system.sXMLSCHEMA
[TRACE] 2023-12-27 17:00:13.000 [main] XBeanDebug - Reading unresolved handles for type system org.apache.xmlbeans.metadata.system.sXMLLANG
[TRACE] 2023-12-27 17:00:13.000 [main] XBeanDebug - Finished loading type system org.apache.xmlbeans.metadata.system.sXMLLANG
[TRACE] 2023-12-27 17:00:13.001 [main] XBeanDebug - Reading unresolved handles for type system org.apache.xmlbeans.metadata.system.sXMLCONFIG
[TRACE] 2023-12-27 17:00:13.002 [main] XBeanDebug - Finished loading type system org.apache.xmlbeans.metadata.system.sXMLCONFIG
[TRACE] 2023-12-27 17:00:13.003 [main] XBeanDebug - Reading unresolved handles for type system org.apache.poi.schemas.ooxml.system.ooxml
[TRACE] 2023-12-27 17:00:13.042 [main] XBeanDebug - Finished loading type system org.apache.poi.schemas.ooxml.system.ooxml
[TRACE] 2023-12-27 17:00:13.044 [main] XBeanDebug - Resolving type for handle themefd26doctype
[TRACE] 2023-12-27 17:00:13.074 [main] XBeanDebug - Resolving type for handle stylesheet5d8bdoctype
[TRACE] 2023-12-27 17:00:13.077 [main] XBeanDebug - Resolving type for handle ctstylesheet4257type
[TRACE] 2023-12-27 17:00:13.080 [main] XBeanDebug - Resolving type for handle ctfonts6623type
[TRACE] 2023-12-27 17:00:13.082 [main] XBeanDebug - Resolving type for handle ctfont14d8type
[TRACE] 2023-12-27 17:00:13.085 [main] XBeanDebug - Resolving type for handle ctfills2c6ftype
[TRACE] 2023-12-27 17:00:13.088 [main] XBeanDebug - Resolving type for handle ctfill550ctype
[TRACE] 2023-12-27 17:00:13.090 [main] XBeanDebug - Resolving type for handle ctborders0d66type
[TRACE] 2023-12-27 17:00:13.092 [main] XBeanDebug - Resolving type for handle ctborderf935type
[TRACE] 2023-12-27 17:00:13.094 [main] XBeanDebug - Resolving type for handle ctcellxfs1322type
[TRACE] 2023-12-27 17:00:13.095 [main] XBeanDebug - Resolving type for handle ctxf97f7type
[TRACE] 2023-12-27 17:00:13.096 [main] XBeanDebug - Resolving type for handle ctcellstylexfsa81ftype
[TRACE] 2023-12-27 17:00:13.098 [main] XBeanDebug - Resolving type for handle ctdxfsb26atype
[TRACE] 2023-12-27 17:00:13.099 [main] XBeanDebug - Resolving type for handle cttablestyles872ftype
[TRACE] 2023-12-27 17:00:13.100 [main] XBeanDebug - Resolving type for handle sstf81fdoctype
[TRACE] 2023-12-27 17:00:13.104 [main] XBeanDebug - Resolving type for handle ctsst44f3type
[TRACE] 2023-12-27 17:00:13.108 [main] XBeanDebug - Resolving type for handle ctrsta472type
[TRACE] 2023-12-27 17:00:13.117 [main] XBeanDebug - Resolving type for handle workbookec17doctype
[TRACE] 2023-12-27 17:00:13.120 [main] XBeanDebug - Resolving type for handle ctworkbook83c3type
[TRACE] 2023-12-27 17:00:13.123 [main] XBeanDebug - Resolving type for handle ctsheets49fdtype
[TRACE] 2023-12-27 17:00:13.124 [main] XBeanDebug - Resolving type for handle ctsheet4dbetype
[TRACE] 2023-12-27 17:00:13.125 [main] XBeanDebug - Resolving type for handle strelationshipid1e94type
[TRACE] 2023-12-27 17:00:13.127 [main] XBeanDebug - Resolving type for handle worksheetf539doctype
[TRACE] 2023-12-27 17:00:13.129 [main] XBeanDebug - Resolving type for handle ctworksheet530dtype
[TRACE] 2023-12-27 17:00:13.133 [main] XBeanDebug - Resolving type for handle ctcols627ctype
[TRACE] 2023-12-27 17:00:13.137 [main] XBeanDebug - Resolving type for handle ctcola95ftype
[TRACE] 2023-12-27 17:00:13.146 [main] XBeanDebug - Resolving type for handle ctsheetdata8408type
[TRACE] 2023-12-27 17:00:13.147 [main] XBeanDebug - Resolving type for handle ctrowdd39type
[TRACE] 2023-12-27 17:00:13.150 [main] XBeanDebug - Resolving type for handle ctcell842btype
[TRACE] 2023-12-27 17:00:13.153 [main] XBeanDebug - Resolving type for handle stcellrefe4e0type
[TRACE] 2023-12-27 17:00:13.157 [main] XBeanDebug - Resolving type for handle stxstringf179type
[DEBUG] 2023-12-27 17:09:42.551 [main] PackageRelationshipCollection - Parsing relationship: /xl/_rels/workbook.xml.rels
[DEBUG] 2023-12-27 17:09:42.559 [main] PackageRelationshipCollection - Parsing relationship: /_rels/.rels
[TRACE] 2023-12-27 17:09:42.679 [main] XBeanDebug - Loading type system org.apache.poi.schemas.ooxml.system.ooxml
[TRACE] 2023-12-27 17:09:42.681 [main] XBeanDebug - Loading type system org.apache.xmlbeans.metadata.system.sXMLCONFIG
[TRACE] 2023-12-27 17:09:42.682 [main] XBeanDebug - Loading type system org.apache.xmlbeans.metadata.system.sXMLLANG
[TRACE] 2023-12-27 17:09:42.683 [main] XBeanDebug - Loading type system org.apache.xmlbeans.metadata.system.sXMLSCHEMA
[TRACE] 2023-12-27 17:09:42.683 [main] XBeanDebug - Loading type system org.apache.xmlbeans.metadata.system.sXMLTOOLS
[TRACE] 2023-12-27 17:09:42.684 [main] XBeanDebug - Reading unresolved handles for type system org.apache.xmlbeans.metadata.system.sXMLTOOLS
[TRACE] 2023-12-27 17:09:42.692 [main] XBeanDebug - Finished loading type system org.apache.xmlbeans.metadata.system.sXMLTOOLS
[TRACE] 2023-12-27 17:09:42.694 [main] XBeanDebug - Reading unresolved handles for type system org.apache.xmlbeans.metadata.system.sXMLSCHEMA
[TRACE] 2023-12-27 17:09:42.697 [main] XBeanDebug - Finished loading type system org.apache.xmlbeans.metadata.system.sXMLSCHEMA
[TRACE] 2023-12-27 17:09:42.698 [main] XBeanDebug - Reading unresolved handles for type system org.apache.xmlbeans.metadata.system.sXMLLANG
[TRACE] 2023-12-27 17:09:42.699 [main] XBeanDebug - Finished loading type system org.apache.xmlbeans.metadata.system.sXMLLANG
[TRACE] 2023-12-27 17:09:42.699 [main] XBeanDebug - Reading unresolved handles for type system org.apache.xmlbeans.metadata.system.sXMLCONFIG
[TRACE] 2023-12-27 17:09:42.700 [main] XBeanDebug - Finished loading type system org.apache.xmlbeans.metadata.system.sXMLCONFIG
[TRACE] 2023-12-27 17:09:42.701 [main] XBeanDebug - Reading unresolved handles for type system org.apache.poi.schemas.ooxml.system.ooxml
[TRACE] 2023-12-27 17:09:42.752 [main] XBeanDebug - Finished loading type system org.apache.poi.schemas.ooxml.system.ooxml
[TRACE] 2023-12-27 17:09:42.753 [main] XBeanDebug - Resolving type for handle themefd26doctype
[TRACE] 2023-12-27 17:09:42.788 [main] XBeanDebug - Resolving type for handle stylesheet5d8bdoctype
[TRACE] 2023-12-27 17:09:42.791 [main] XBeanDebug - Resolving type for handle ctstylesheet4257type
[TRACE] 2023-12-27 17:09:42.795 [main] XBeanDebug - Resolving type for handle ctfonts6623type
[TRACE] 2023-12-27 17:09:42.797 [main] XBeanDebug - Resolving type for handle ctfont14d8type
[TRACE] 2023-12-27 17:09:42.800 [main] XBeanDebug - Resolving type for handle ctfills2c6ftype
[TRACE] 2023-12-27 17:09:42.802 [main] XBeanDebug - Resolving type for handle ctfill550ctype
[TRACE] 2023-12-27 17:09:42.803 [main] XBeanDebug - Resolving type for handle ctborders0d66type
[TRACE] 2023-12-27 17:09:42.804 [main] XBeanDebug - Resolving type for handle ctborderf935type
[TRACE] 2023-12-27 17:09:42.806 [main] XBeanDebug - Resolving type for handle ctcellxfs1322type
[TRACE] 2023-12-27 17:09:42.808 [main] XBeanDebug - Resolving type for handle ctxf97f7type
[TRACE] 2023-12-27 17:09:42.810 [main] XBeanDebug - Resolving type for handle ctcellstylexfsa81ftype
[TRACE] 2023-12-27 17:09:42.811 [main] XBeanDebug - Resolving type for handle ctdxfsb26atype
[TRACE] 2023-12-27 17:09:42.812 [main] XBeanDebug - Resolving type for handle cttablestyles872ftype
[TRACE] 2023-12-27 17:09:42.815 [main] XBeanDebug - Resolving type for handle sstf81fdoctype
[TRACE] 2023-12-27 17:09:42.817 [main] XBeanDebug - Resolving type for handle ctsst44f3type
[TRACE] 2023-12-27 17:09:42.823 [main] XBeanDebug - Resolving type for handle ctrsta472type
[TRACE] 2023-12-27 17:09:42.832 [main] XBeanDebug - Resolving type for handle workbookec17doctype
[TRACE] 2023-12-27 17:09:42.834 [main] XBeanDebug - Resolving type for handle ctworkbook83c3type
[TRACE] 2023-12-27 17:09:42.839 [main] XBeanDebug - Resolving type for handle ctsheets49fdtype
[TRACE] 2023-12-27 17:09:42.840 [main] XBeanDebug - Resolving type for handle ctsheet4dbetype
[TRACE] 2023-12-27 17:09:42.842 [main] XBeanDebug - Resolving type for handle strelationshipid1e94type
[TRACE] 2023-12-27 17:09:42.844 [main] XBeanDebug - Resolving type for handle worksheetf539doctype
[TRACE] 2023-12-27 17:09:42.847 [main] XBeanDebug - Resolving type for handle ctworksheet530dtype
[TRACE] 2023-12-27 17:09:42.852 [main] XBeanDebug - Resolving type for handle ctcols627ctype
[TRACE] 2023-12-27 17:09:42.855 [main] XBeanDebug - Resolving type for handle ctcola95ftype
[TRACE] 2023-12-27 17:09:42.865 [main] XBeanDebug - Resolving type for handle ctsheetdata8408type
[TRACE] 2023-12-27 17:09:42.866 [main] XBeanDebug - Resolving type for handle ctrowdd39type
[TRACE] 2023-12-27 17:09:42.868 [main] XBeanDebug - Resolving type for handle ctcell842btype
[TRACE] 2023-12-27 17:09:42.872 [main] XBeanDebug - Resolving type for handle stcellrefe4e0type
[TRACE] 2023-12-27 17:09:42.874 [main] XBeanDebug - Resolving type for handle stxstringf179type
[TRACE] 2023-12-27 17:09:42.876 [main] XBeanDebug - Resolving type for handle stcelltypebf95type
[DEBUG] 2023-12-27 17:11:53.708 [main] PackageRelationshipCollection - Parsing relationship: /xl/_rels/workbook.xml.rels
[DEBUG] 2023-12-27 17:11:53.714 [main] PackageRelationshipCollection - Parsing relationship: /_rels/.rels
[TRACE] 2023-12-27 17:11:53.826 [main] XBeanDebug - Loading type system org.apache.poi.schemas.ooxml.system.ooxml
[TRACE] 2023-12-27 17:11:53.829 [main] XBeanDebug - Loading type system org.apache.xmlbeans.metadata.system.sXMLCONFIG
[TRACE] 2023-12-27 17:11:53.830 [main] XBeanDebug - Loading type system org.apache.xmlbeans.metadata.system.sXMLLANG
[TRACE] 2023-12-27 17:11:53.830 [main] XBeanDebug - Loading type system org.apache.xmlbeans.metadata.system.sXMLSCHEMA
[TRACE] 2023-12-27 17:11:53.831 [main] XBeanDebug - Loading type system org.apache.xmlbeans.metadata.system.sXMLTOOLS
[TRACE] 2023-12-27 17:11:53.831 [main] XBeanDebug - Reading unresolved handles for type system org.apache.xmlbeans.metadata.system.sXMLTOOLS
[TRACE] 2023-12-27 17:11:53.840 [main] XBeanDebug - Finished loading type system org.apache.xmlbeans.metadata.system.sXMLTOOLS
[TRACE] 2023-12-27 17:11:53.841 [main] XBeanDebug - Reading unresolved handles for type system org.apache.xmlbeans.metadata.system.sXMLSCHEMA
[TRACE] 2023-12-27 17:11:53.845 [main] XBeanDebug - Finished loading type system org.apache.xmlbeans.metadata.system.sXMLSCHEMA
[TRACE] 2023-12-27 17:11:53.846 [main] XBeanDebug - Reading unresolved handles for type system org.apache.xmlbeans.metadata.system.sXMLLANG
[TRACE] 2023-12-27 17:11:53.846 [main] XBeanDebug - Finished loading type system org.apache.xmlbeans.metadata.system.sXMLLANG
[TRACE] 2023-12-27 17:11:53.847 [main] XBeanDebug - Reading unresolved handles for type system org.apache.xmlbeans.metadata.system.sXMLCONFIG
[TRACE] 2023-12-27 17:11:53.847 [main] XBeanDebug - Finished loading type system org.apache.xmlbeans.metadata.system.sXMLCONFIG
[TRACE] 2023-12-27 17:11:53.849 [main] XBeanDebug - Reading unresolved handles for type system org.apache.poi.schemas.ooxml.system.ooxml
[TRACE] 2023-12-27 17:11:53.892 [main] XBeanDebug - Finished loading type system org.apache.poi.schemas.ooxml.system.ooxml
[TRACE] 2023-12-27 17:11:53.893 [main] XBeanDebug - Resolving type for handle themefd26doctype
[TRACE] 2023-12-27 17:11:53.926 [main] XBeanDebug - Resolving type for handle stylesheet5d8bdoctype
[TRACE] 2023-12-27 17:11:53.929 [main] XBeanDebug - Resolving type for handle ctstylesheet4257type
[TRACE] 2023-12-27 17:11:53.932 [main] XBeanDebug - Resolving type for handle ctfonts6623type
[TRACE] 2023-12-27 17:11:53.934 [main] XBeanDebug - Resolving type for handle ctfont14d8type
[TRACE] 2023-12-27 17:11:53.937 [main] XBeanDebug - Resolving type for handle ctfills2c6ftype
[TRACE] 2023-12-27 17:11:53.939 [main] XBeanDebug - Resolving type for handle ctfill550ctype
[TRACE] 2023-12-27 17:11:53.940 [main] XBeanDebug - Resolving type for handle ctborders0d66type
[TRACE] 2023-12-27 17:11:53.941 [main] XBeanDebug - Resolving type for handle ctborderf935type
[TRACE] 2023-12-27 17:11:53.944 [main] XBeanDebug - Resolving type for handle ctcellxfs1322type
[TRACE] 2023-12-27 17:11:53.945 [main] XBeanDebug - Resolving type for handle ctxf97f7type
[TRACE] 2023-12-27 17:11:53.947 [main] XBeanDebug - Resolving type for handle ctcellstylexfsa81ftype
[TRACE] 2023-12-27 17:11:53.948 [main] XBeanDebug - Resolving type for handle ctdxfsb26atype
[TRACE] 2023-12-27 17:11:53.949 [main] XBeanDebug - Resolving type for handle cttablestyles872ftype
[TRACE] 2023-12-27 17:11:53.951 [main] XBeanDebug - Resolving type for handle sstf81fdoctype
[TRACE] 2023-12-27 17:11:53.953 [main] XBeanDebug - Resolving type for handle ctsst44f3type
[TRACE] 2023-12-27 17:11:53.958 [main] XBeanDebug - Resolving type for handle ctrsta472type
[TRACE] 2023-12-27 17:11:53.967 [main] XBeanDebug - Resolving type for handle workbookec17doctype
[TRACE] 2023-12-27 17:11:53.970 [main] XBeanDebug - Resolving type for handle ctworkbook83c3type
[TRACE] 2023-12-27 17:11:53.973 [main] XBeanDebug - Resolving type for handle ctsheets49fdtype
[TRACE] 2023-12-27 17:11:53.974 [main] XBeanDebug - Resolving type for handle ctsheet4dbetype
[TRACE] 2023-12-27 17:11:53.975 [main] XBeanDebug - Resolving type for handle strelationshipid1e94type
[TRACE] 2023-12-27 17:11:53.977 [main] XBeanDebug - Resolving type for handle worksheetf539doctype
[TRACE] 2023-12-27 17:11:53.981 [main] XBeanDebug - Resolving type for handle ctworksheet530dtype
[TRACE] 2023-12-27 17:11:53.985 [main] XBeanDebug - Resolving type for handle ctcols627ctype
[TRACE] 2023-12-27 17:11:53.989 [main] XBeanDebug - Resolving type for handle ctcola95ftype
[TRACE] 2023-12-27 17:11:53.997 [main] XBeanDebug - Resolving type for handle ctsheetdata8408type
[TRACE] 2023-12-27 17:11:53.999 [main] XBeanDebug - Resolving type for handle ctrowdd39type
[TRACE] 2023-12-27 17:11:54.001 [main] XBeanDebug - Resolving type for handle ctcell842btype
[TRACE] 2023-12-27 17:11:54.005 [main] XBeanDebug - Resolving type for handle stcellrefe4e0type
[TRACE] 2023-12-27 17:11:54.009 [main] XBeanDebug - Resolving type for handle stxstringf179type
[TRACE] 2023-12-27 17:11:54.010 [main] XBeanDebug - Resolving type for handle stcelltypebf95type
[DEBUG] 2023-12-27 17:12:28.216 [main] PackageRelationshipCollection - Parsing relationship: /xl/_rels/workbook.xml.rels
[DEBUG] 2023-12-27 17:12:28.223 [main] PackageRelationshipCollection - Parsing relationship: /_rels/.rels
[TRACE] 2023-12-27 17:12:28.336 [main] XBeanDebug - Loading type system org.apache.poi.schemas.ooxml.system.ooxml
[TRACE] 2023-12-27 17:12:28.337 [main] XBeanDebug - Loading type system org.apache.xmlbeans.metadata.system.sXMLCONFIG
[TRACE] 2023-12-27 17:12:28.338 [main] XBeanDebug - Loading type system org.apache.xmlbeans.metadata.system.sXMLLANG
[TRACE] 2023-12-27 17:12:28.338 [main] XBeanDebug - Loading type system org.apache.xmlbeans.metadata.system.sXMLSCHEMA
[TRACE] 2023-12-27 17:12:28.339 [main] XBeanDebug - Loading type system org.apache.xmlbeans.metadata.system.sXMLTOOLS
[TRACE] 2023-12-27 17:12:28.339 [main] XBeanDebug - Reading unresolved handles for type system org.apache.xmlbeans.metadata.system.sXMLTOOLS
[TRACE] 2023-12-27 17:12:28.348 [main] XBeanDebug - Finished loading type system org.apache.xmlbeans.metadata.system.sXMLTOOLS
[TRACE] 2023-12-27 17:12:28.349 [main] XBeanDebug - Reading unresolved handles for type system org.apache.xmlbeans.metadata.system.sXMLSCHEMA
[TRACE] 2023-12-27 17:12:28.352 [main] XBeanDebug - Finished loading type system org.apache.xmlbeans.metadata.system.sXMLSCHEMA
[TRACE] 2023-12-27 17:12:28.353 [main] XBeanDebug - Reading unresolved handles for type system org.apache.xmlbeans.metadata.system.sXMLLANG
[TRACE] 2023-12-27 17:12:28.354 [main] XBeanDebug - Finished loading type system org.apache.xmlbeans.metadata.system.sXMLLANG
[TRACE] 2023-12-27 17:12:28.355 [main] XBeanDebug - Reading unresolved handles for type system org.apache.xmlbeans.metadata.system.sXMLCONFIG
[TRACE] 2023-12-27 17:12:28.356 [main] XBeanDebug - Finished loading type system org.apache.xmlbeans.metadata.system.sXMLCONFIG
[TRACE] 2023-12-27 17:12:28.356 [main] XBeanDebug - Reading unresolved handles for type system org.apache.poi.schemas.ooxml.system.ooxml
[TRACE] 2023-12-27 17:12:28.397 [main] XBeanDebug - Finished loading type system org.apache.poi.schemas.ooxml.system.ooxml
[TRACE] 2023-12-27 17:12:28.398 [main] XBeanDebug - Resolving type for handle themefd26doctype
[TRACE] 2023-12-27 17:12:28.429 [main] XBeanDebug - Resolving type for handle stylesheet5d8bdoctype
[TRACE] 2023-12-27 17:12:28.432 [main] XBeanDebug - Resolving type for handle ctstylesheet4257type
[TRACE] 2023-12-27 17:12:28.434 [main] XBeanDebug - Resolving type for handle ctfonts6623type
[TRACE] 2023-12-27 17:12:28.437 [main] XBeanDebug - Resolving type for handle ctfont14d8type
[TRACE] 2023-12-27 17:12:28.440 [main] XBeanDebug - Resolving type for handle ctfills2c6ftype
[TRACE] 2023-12-27 17:12:28.442 [main] XBeanDebug - Resolving type for handle ctfill550ctype
[TRACE] 2023-12-27 17:12:28.443 [main] XBeanDebug - Resolving type for handle ctborders0d66type
[TRACE] 2023-12-27 17:12:28.444 [main] XBeanDebug - Resolving type for handle ctborderf935type
[TRACE] 2023-12-27 17:12:28.446 [main] XBeanDebug - Resolving type for handle ctcellxfs1322type
[TRACE] 2023-12-27 17:12:28.447 [main] XBeanDebug - Resolving type for handle ctxf97f7type
[TRACE] 2023-12-27 17:12:28.449 [main] XBeanDebug - Resolving type for handle ctcellstylexfsa81ftype
[TRACE] 2023-12-27 17:12:28.450 [main] XBeanDebug - Resolving type for handle ctdxfsb26atype
[TRACE] 2023-12-27 17:12:28.451 [main] XBeanDebug - Resolving type for handle cttablestyles872ftype
[TRACE] 2023-12-27 17:12:28.453 [main] XBeanDebug - Resolving type for handle sstf81fdoctype
[TRACE] 2023-12-27 17:12:28.455 [main] XBeanDebug - Resolving type for handle ctsst44f3type
[TRACE] 2023-12-27 17:12:28.461 [main] XBeanDebug - Resolving type for handle ctrsta472type
[TRACE] 2023-12-27 17:12:28.469 [main] XBeanDebug - Resolving type for handle workbookec17doctype
[TRACE] 2023-12-27 17:12:28.472 [main] XBeanDebug - Resolving type for handle ctworkbook83c3type
[TRACE] 2023-12-27 17:12:28.474 [main] XBeanDebug - Resolving type for handle ctsheets49fdtype
[TRACE] 2023-12-27 17:12:28.475 [main] XBeanDebug - Resolving type for handle ctsheet4dbetype
[TRACE] 2023-12-27 17:12:28.478 [main] XBeanDebug - Resolving type for handle strelationshipid1e94type
[TRACE] 2023-12-27 17:12:28.479 [main] XBeanDebug - Resolving type for handle worksheetf539doctype
[TRACE] 2023-12-27 17:12:28.482 [main] XBeanDebug - Resolving type for handle ctworksheet530dtype
[TRACE] 2023-12-27 17:12:28.486 [main] XBeanDebug - Resolving type for handle ctcols627ctype
[TRACE] 2023-12-27 17:12:28.490 [main] XBeanDebug - Resolving type for handle ctcola95ftype
[TRACE] 2023-12-27 17:12:28.499 [main] XBeanDebug - Resolving type for handle ctsheetdata8408type
[TRACE] 2023-12-27 17:12:28.500 [main] XBeanDebug - Resolving type for handle ctrowdd39type
[TRACE] 2023-12-27 17:12:28.503 [main] XBeanDebug - Resolving type for handle ctcell842btype
[TRACE] 2023-12-27 17:12:28.506 [main] XBeanDebug - Resolving type for handle stcellrefe4e0type
[TRACE] 2023-12-27 17:12:28.509 [main] XBeanDebug - Resolving type for handle stxstringf179type
[TRACE] 2023-12-27 17:12:28.511 [main] XBeanDebug - Resolving type for handle stcelltypebf95type
[DEBUG] 2023-12-27 17:12:44.175 [main] PackageRelationshipCollection - Parsing relationship: /xl/_rels/workbook.xml.rels
[DEBUG] 2023-12-27 17:12:44.182 [main] PackageRelationshipCollection - Parsing relationship: /_rels/.rels
[TRACE] 2023-12-27 17:12:44.302 [main] XBeanDebug - Loading type system org.apache.poi.schemas.ooxml.system.ooxml
[TRACE] 2023-12-27 17:12:44.304 [main] XBeanDebug - Loading type system org.apache.xmlbeans.metadata.system.sXMLCONFIG
[TRACE] 2023-12-27 17:12:44.304 [main] XBeanDebug - Loading type system org.apache.xmlbeans.metadata.system.sXMLLANG
[TRACE] 2023-12-27 17:12:44.304 [main] XBeanDebug - Loading type system org.apache.xmlbeans.metadata.system.sXMLSCHEMA
[TRACE] 2023-12-27 17:12:44.306 [main] XBeanDebug - Loading type system org.apache.xmlbeans.metadata.system.sXMLTOOLS
[TRACE] 2023-12-27 17:12:44.306 [main] XBeanDebug - Reading unresolved handles for type system org.apache.xmlbeans.metadata.system.sXMLTOOLS
[TRACE] 2023-12-27 17:12:44.315 [main] XBeanDebug - Finished loading type system org.apache.xmlbeans.metadata.system.sXMLTOOLS
[TRACE] 2023-12-27 17:12:44.316 [main] XBeanDebug - Reading unresolved handles for type system org.apache.xmlbeans.metadata.system.sXMLSCHEMA
[TRACE] 2023-12-27 17:12:44.319 [main] XBeanDebug - Finished loading type system org.apache.xmlbeans.metadata.system.sXMLSCHEMA
[TRACE] 2023-12-27 17:12:44.320 [main] XBeanDebug - Reading unresolved handles for type system org.apache.xmlbeans.metadata.system.sXMLLANG
[TRACE] 2023-12-27 17:12:44.320 [main] XBeanDebug - Finished loading type system org.apache.xmlbeans.metadata.system.sXMLLANG
[TRACE] 2023-12-27 17:12:44.321 [main] XBeanDebug - Reading unresolved handles for type system org.apache.xmlbeans.metadata.system.sXMLCONFIG
[TRACE] 2023-12-27 17:12:44.321 [main] XBeanDebug - Finished loading type system org.apache.xmlbeans.metadata.system.sXMLCONFIG
[TRACE] 2023-12-27 17:12:44.322 [main] XBeanDebug - Reading unresolved handles for type system org.apache.poi.schemas.ooxml.system.ooxml
[TRACE] 2023-12-27 17:12:44.363 [main] XBeanDebug - Finished loading type system org.apache.poi.schemas.ooxml.system.ooxml
[TRACE] 2023-12-27 17:12:44.364 [main] XBeanDebug - Resolving type for handle themefd26doctype
[TRACE] 2023-12-27 17:12:44.397 [main] XBeanDebug - Resolving type for handle stylesheet5d8bdoctype
[TRACE] 2023-12-27 17:12:44.400 [main] XBeanDebug - Resolving type for handle ctstylesheet4257type
[TRACE] 2023-12-27 17:12:44.403 [main] XBeanDebug - Resolving type for handle ctfonts6623type
[TRACE] 2023-12-27 17:12:44.405 [main] XBeanDebug - Resolving type for handle ctfont14d8type
[TRACE] 2023-12-27 17:12:44.408 [main] XBeanDebug - Resolving type for handle ctfills2c6ftype
[TRACE] 2023-12-27 17:12:44.409 [main] XBeanDebug - Resolving type for handle ctfill550ctype
[TRACE] 2023-12-27 17:12:44.410 [main] XBeanDebug - Resolving type for handle ctborders0d66type
[TRACE] 2023-12-27 17:12:44.411 [main] XBeanDebug - Resolving type for handle ctborderf935type
[TRACE] 2023-12-27 17:12:44.413 [main] XBeanDebug - Resolving type for handle ctcellxfs1322type
[TRACE] 2023-12-27 17:12:44.415 [main] XBeanDebug - Resolving type for handle ctxf97f7type
[TRACE] 2023-12-27 17:12:44.417 [main] XBeanDebug - Resolving type for handle ctcellstylexfsa81ftype
[TRACE] 2023-12-27 17:12:44.417 [main] XBeanDebug - Resolving type for handle ctdxfsb26atype
[TRACE] 2023-12-27 17:12:44.419 [main] XBeanDebug - Resolving type for handle cttablestyles872ftype
[TRACE] 2023-12-27 17:12:44.420 [main] XBeanDebug - Resolving type for handle sstf81fdoctype
[TRACE] 2023-12-27 17:12:44.423 [main] XBeanDebug - Resolving type for handle ctsst44f3type
[TRACE] 2023-12-27 17:12:44.427 [main] XBeanDebug - Resolving type for handle ctrsta472type
[TRACE] 2023-12-27 17:12:44.436 [main] XBeanDebug - Resolving type for handle workbookec17doctype
[TRACE] 2023-12-27 17:12:44.439 [main] XBeanDebug - Resolving type for handle ctworkbook83c3type
[TRACE] 2023-12-27 17:12:44.442 [main] XBeanDebug - Resolving type for handle ctsheets49fdtype
[TRACE] 2023-12-27 17:12:44.444 [main] XBeanDebug - Resolving type for handle ctsheet4dbetype
[TRACE] 2023-12-27 17:12:44.445 [main] XBeanDebug - Resolving type for handle strelationshipid1e94type
[TRACE] 2023-12-27 17:12:44.446 [main] XBeanDebug - Resolving type for handle worksheetf539doctype
[TRACE] 2023-12-27 17:12:44.449 [main] XBeanDebug - Resolving type for handle ctworksheet530dtype
[TRACE] 2023-12-27 17:12:44.454 [main] XBeanDebug - Resolving type for handle ctcols627ctype
[TRACE] 2023-12-27 17:12:44.458 [main] XBeanDebug - Resolving type for handle ctcola95ftype
[TRACE] 2023-12-27 17:12:44.467 [main] XBeanDebug - Resolving type for handle ctsheetdata8408type
[TRACE] 2023-12-27 17:12:44.468 [main] XBeanDebug - Resolving type for handle ctrowdd39type
[TRACE] 2023-12-27 17:12:44.471 [main] XBeanDebug - Resolving type for handle ctcell842btype
[TRACE] 2023-12-27 17:12:44.475 [main] XBeanDebug - Resolving type for handle stcellrefe4e0type
[TRACE] 2023-12-27 17:12:44.479 [main] XBeanDebug - Resolving type for handle stxstringf179type
[TRACE] 2023-12-27 17:12:44.480 [main] XBeanDebug - Resolving type for handle stcelltypebf95type
[DEBUG] 2023-12-27 17:17:08.905 [main] PackageRelationshipCollection - Parsing relationship: /xl/_rels/workbook.xml.rels
[DEBUG] 2023-12-27 17:17:08.912 [main] PackageRelationshipCollection - Parsing relationship: /_rels/.rels
[TRACE] 2023-12-27 17:17:09.031 [main] XBeanDebug - Loading type system org.apache.poi.schemas.ooxml.system.ooxml
[TRACE] 2023-12-27 17:17:09.033 [main] XBeanDebug - Loading type system org.apache.xmlbeans.metadata.system.sXMLCONFIG
[TRACE] 2023-12-27 17:17:09.033 [main] XBeanDebug - Loading type system org.apache.xmlbeans.metadata.system.sXMLLANG
[TRACE] 2023-12-27 17:17:09.033 [main] XBeanDebug - Loading type system org.apache.xmlbeans.metadata.system.sXMLSCHEMA
[TRACE] 2023-12-27 17:17:09.034 [main] XBeanDebug - Loading type system org.apache.xmlbeans.metadata.system.sXMLTOOLS
[TRACE] 2023-12-27 17:17:09.034 [main] XBeanDebug - Reading unresolved handles for type system org.apache.xmlbeans.metadata.system.sXMLTOOLS
[TRACE] 2023-12-27 17:17:09.042 [main] XBeanDebug - Finished loading type system org.apache.xmlbeans.metadata.system.sXMLTOOLS
[TRACE] 2023-12-27 17:17:09.044 [main] XBeanDebug - Reading unresolved handles for type system org.apache.xmlbeans.metadata.system.sXMLSCHEMA
[TRACE] 2023-12-27 17:17:09.047 [main] XBeanDebug - Finished loading type system org.apache.xmlbeans.metadata.system.sXMLSCHEMA
[TRACE] 2023-12-27 17:17:09.048 [main] XBeanDebug - Reading unresolved handles for type system org.apache.xmlbeans.metadata.system.sXMLLANG
[TRACE] 2023-12-27 17:17:09.048 [main] XBeanDebug - Finished loading type system org.apache.xmlbeans.metadata.system.sXMLLANG
[TRACE] 2023-12-27 17:17:09.049 [main] XBeanDebug - Reading unresolved handles for type system org.apache.xmlbeans.metadata.system.sXMLCONFIG
[TRACE] 2023-12-27 17:17:09.050 [main] XBeanDebug - Finished loading type system org.apache.xmlbeans.metadata.system.sXMLCONFIG
[TRACE] 2023-12-27 17:17:09.050 [main] XBeanDebug - Reading unresolved handles for type system org.apache.poi.schemas.ooxml.system.ooxml
[TRACE] 2023-12-27 17:17:09.096 [main] XBeanDebug - Finished loading type system org.apache.poi.schemas.ooxml.system.ooxml
[TRACE] 2023-12-27 17:17:09.097 [main] XBeanDebug - Resolving type for handle themefd26doctype
[TRACE] 2023-12-27 17:17:09.128 [main] XBeanDebug - Resolving type for handle stylesheet5d8bdoctype
[TRACE] 2023-12-27 17:17:09.132 [main] XBeanDebug - Resolving type for handle ctstylesheet4257type
[TRACE] 2023-12-27 17:17:09.135 [main] XBeanDebug - Resolving type for handle ctfonts6623type
[TRACE] 2023-12-27 17:17:09.137 [main] XBeanDebug - Resolving type for handle ctfont14d8type
[TRACE] 2023-12-27 17:17:09.140 [main] XBeanDebug - Resolving type for handle ctfills2c6ftype
[TRACE] 2023-12-27 17:17:09.141 [main] XBeanDebug - Resolving type for handle ctfill550ctype
[TRACE] 2023-12-27 17:17:09.143 [main] XBeanDebug - Resolving type for handle ctborders0d66type
[TRACE] 2023-12-27 17:17:09.143 [main] XBeanDebug - Resolving type for handle ctborderf935type
[TRACE] 2023-12-27 17:17:09.146 [main] XBeanDebug - Resolving type for handle ctcellxfs1322type
[TRACE] 2023-12-27 17:17:09.148 [main] XBeanDebug - Resolving type for handle ctxf97f7type
[TRACE] 2023-12-27 17:17:09.150 [main] XBeanDebug - Resolving type for handle ctcellstylexfsa81ftype
[TRACE] 2023-12-27 17:17:09.151 [main] XBeanDebug - Resolving type for handle ctdxfsb26atype
[TRACE] 2023-12-27 17:17:09.151 [main] XBeanDebug - Resolving type for handle cttablestyles872ftype
[TRACE] 2023-12-27 17:17:09.153 [main] XBeanDebug - Resolving type for handle sstf81fdoctype
[TRACE] 2023-12-27 17:17:09.156 [main] XBeanDebug - Resolving type for handle ctsst44f3type
[TRACE] 2023-12-27 17:17:09.161 [main] XBeanDebug - Resolving type for handle ctrsta472type
[TRACE] 2023-12-27 17:17:09.170 [main] XBeanDebug - Resolving type for handle workbookec17doctype
[TRACE] 2023-12-27 17:17:09.173 [main] XBeanDebug - Resolving type for handle ctworkbook83c3type
[TRACE] 2023-12-27 17:17:09.175 [main] XBeanDebug - Resolving type for handle ctsheets49fdtype
[TRACE] 2023-12-27 17:17:09.177 [main] XBeanDebug - Resolving type for handle ctsheet4dbetype
[TRACE] 2023-12-27 17:17:09.178 [main] XBeanDebug - Resolving type for handle strelationshipid1e94type
[TRACE] 2023-12-27 17:17:09.179 [main] XBeanDebug - Resolving type for handle worksheetf539doctype
[TRACE] 2023-12-27 17:17:09.182 [main] XBeanDebug - Resolving type for handle ctworksheet530dtype
[TRACE] 2023-12-27 17:17:09.188 [main] XBeanDebug - Resolving type for handle ctcols627ctype
[TRACE] 2023-12-27 17:17:09.191 [main] XBeanDebug - Resolving type for handle ctcola95ftype
[TRACE] 2023-12-27 17:17:09.200 [main] XBeanDebug - Resolving type for handle ctsheetdata8408type
[TRACE] 2023-12-27 17:17:09.201 [main] XBeanDebug - Resolving type for handle ctrowdd39type
[TRACE] 2023-12-27 17:17:09.204 [main] XBeanDebug - Resolving type for handle ctcell842btype
[TRACE] 2023-12-27 17:17:09.207 [main] XBeanDebug - Resolving type for handle stcellrefe4e0type
[TRACE] 2023-12-27 17:17:09.212 [main] XBeanDebug - Resolving type for handle stxstringf179type
[TRACE] 2023-12-27 17:17:09.213 [main] XBeanDebug - Resolving type for handle stcelltypebf95type
[DEBUG] 2023-12-27 17:17:09.221 [main] PackageRelationshipCollection - Parsing relationship: /xl/_rels/workbook.xml.rels
[DEBUG] 2023-12-27 17:17:09.222 [main] PackageRelationshipCollection - Parsing relationship: /_rels/.rels
